######################## SYMBOL TABLE #################readInteger->30
text->53
minimum->64
Input 3 numbers in order to find the minimum->83
a->97
b->98
c->99



####################### PIF ###########################(a, 97)
(:, 3)
(integer, 2)
(b, 98)
(:, 3)
(integer, 2)
(c, 99)
(:, 3)
(integer, 2)
(minimum, 64)
(:, 3)
(integer, 2)
(write, 2)
(., 4)
(Text, 2)
((, 4)
(const, 83)
(), 4)
(a, 97)
(=, 3)
(readInteger, 30)
((, 4)
(), 4)
(b, 98)
(=, 3)
(readInteger, 30)
((, 4)
(), 4)
(c, 99)
(=, 3)
(readInteger, 30)
((, 4)
(), 4)
(verify, 2)
([, 4)
(a, 97)
(<, 3)
(b, 98)
(], 4)
(and, 3)
([, 4)
(a, 97)
(<, 3)
(c, 99)
(], 4)
(:, 3)
(minimum, 64)
(=, 3)
(a, 97)
(otherwise, 2)
(verify, 2)
([, 4)
(b, 98)
(<, 3)
(c, 99)
(], 4)
(and, 3)
([, 4)
(b, 98)
(<, 3)
(a, 97)
(], 4)
(:, 3)
(minimum, 64)
(=, 3)
(b, 98)
(otherwise, 2)
(:, 3)
(minimum, 64)
(=, 3)
(c, 99)
(write, 2)
(., 4)
(text, 53)
((, 4)
(minimum, 64)
(), 4)
