######################## SYMBOL TABLE #################i->5
array->43
0->48
1->49
2->50
3->51
4->52
5->53
6->54
7->55
8->56
Minimum is ->57
Maximum is ->58
minimum->64
maximum->66



####################### PIF ###########################(array, 43)
(:, 3)
(integer.array, 5)
((, 4)
(const, 49)
(,, 4)
(const, 50)
(,, 4)
(const, 51)
(,, 4)
(const, 52)
(,, 4)
(const, 53)
(,, 4)
(const, 54)
(,, 4)
(const, 55)
(,, 4)
(-, 3)
(const, 49)
(,, 4)
(-, 3)
(const, 52)
(,, 4)
(-, 3)
(const, 56)
(,, 4)
(const, 56)
(), 4)
(minimum, 64)
(:, 3)
(integer, 2)
(maximum, 66)
(:, 3)
(integer, 2)
(=, 3)
(const, 48)
(For, 2)
([, 4)
(i, 5)
(=, 3)
(const, 48)
(,, 4)
(i, 5)
(<, 3)
((, 4)
(), 4)
(,, 4)
(i, 5)
(+, 3)
(+, 3)
(], 4)
(verify, 2)
([, 4)
((, 4)
(i, 5)
(), 4)
(>, 3)
(maximum, 66)
(], 4)
(:, 3)
(maximum, 66)
(=, 3)
((, 4)
(i, 5)
(), 4)
(verify, 2)
([, 4)
(i, 5)
(=, 3)
(=, 3)
(const, 48)
(], 4)
(:, 3)
(minimum, 64)
(=, 3)
((, 4)
(i, 5)
(), 4)
(verify, 2)
([, 4)
((, 4)
(i, 5)
(), 4)
(<, 3)
(minimum, 64)
(], 4)
(:, 3)
(minimum, 64)
(=, 3)
((, 4)
(i, 5)
(), 4)
(write.Text, 3)
((, 4)
(const, 48)
(+, 3)
(minimum, 64)
(+, 3)
(const, 50)
(+, 3)
(maximum, 66)
(), 4)
