######################## SYMBOL TABLE #################i->6
array->44
0->49
1->50
2->51
3->52
4->53
5->54
6->55
7->56
8->57
 Minimum is ->58
 Maximum is ->59
minimum->65
maximum->67



####################### PIF ###########################
(array, 43)
(:, 3)
(integer.array, 5)
((, 4)
(const, 49)
(,, 4)
(const, 50)
(,, 4)
(const, 51)
(,, 4)
(const, 52)
(,, 4)
(const, 53)
(,, 4)
(const, 54)
(,, 4)
(const, 55)
(,, 4)
(-, 3)
(const, 49)
(,, 4)
(-, 3)
(const, 52)
(,, 4)
(-, 3)
(const, 56)
(,, 4)
(const, 56)
(), 4)
(minimum, 64)
(:, 3)
(integer, 2)
(maximum, 66)
(:, 3)
(integer, 2)
(=, 3)
(const, 48)
(For, 2)
([, 4)
(i, 5)
(=, 3)
(const, 48)
(,, 4)
(i, 5)
(<, 3)
((, 4)
(), 4)
(,, 4)
(i, 5)
(+, 3)
(+, 3)
(], 4)
(verify, 2)
([, 4)
((, 4)
(i, 5)
(), 4)
(>, 3)
(maximum, 66)
(], 4)
(:, 3)
(maximum, 66)
(=, 3)
((, 4)
(i, 5)
(), 4)
(verify, 2)
([, 4)
(i, 5)
(=, 3)
(=, 3)
(const, 48)
(], 4)
(:, 3)
(minimum, 64)
(=, 3)
((, 4)
(i, 5)
(), 4)
(verify, 2)
([, 4)
((, 4)
(i, 5)
(), 4)
(<, 3)
(minimum, 64)
(], 4)
(:, 3)
(minimum, 64)
(=, 3)
((, 4)
(i, 5)
(), 4)
(write.Text, 3)
((, 4)
(const, 48)
(+, 3)
(minimum, 64)
(+, 3)
(const, 50)
(+, 3)
(maximum, 66)
(), 4)
